[2022-09-13 11:32:58,422] INFO [ControllerEventThread controllerId=0] Starting (kafka.controller.ControllerEventManager$ControllerEventThread)
[2022-09-13 11:32:58,470] INFO [Controller id=0] 0 successfully elected as the controller. Epoch incremented to 1 and epoch zk version is now 1 (kafka.controller.KafkaController)
[2022-09-13 11:32:58,478] INFO [Controller id=0] Creating FeatureZNode at path: /feature with contents: FeatureZNode(Enabled,Features{}) (kafka.controller.KafkaController)
[2022-09-13 11:32:58,505] INFO [Controller id=0] Registering handlers (kafka.controller.KafkaController)
[2022-09-13 11:32:58,511] INFO [Controller id=0] Deleting log dir event notifications (kafka.controller.KafkaController)
[2022-09-13 11:32:58,528] INFO [Controller id=0] Deleting isr change notifications (kafka.controller.KafkaController)
[2022-09-13 11:32:58,533] INFO [Controller id=0] Initializing controller context (kafka.controller.KafkaController)
[2022-09-13 11:32:58,563] INFO [Controller id=0] Initialized broker epochs cache: Map(0 -> 58) (kafka.controller.KafkaController)
[2022-09-13 11:32:58,574] DEBUG [Controller id=0] Register BrokerModifications handler for Set(0) (kafka.controller.KafkaController)
[2022-09-13 11:32:58,583] DEBUG [Channel manager on controller 0]: Controller 0 trying to connect to broker 0 (kafka.controller.ControllerChannelManager)
[2022-09-13 11:32:58,595] INFO [Controller id=0] Currently active brokers in the cluster: Set(0) (kafka.controller.KafkaController)
[2022-09-13 11:32:58,596] INFO [RequestSendThread controllerId=0] Starting (kafka.controller.RequestSendThread)
[2022-09-13 11:32:58,597] INFO [Controller id=0] Currently shutting brokers in the cluster: Set() (kafka.controller.KafkaController)
[2022-09-13 11:32:58,597] INFO [Controller id=0] Current list of topics in the cluster: Set() (kafka.controller.KafkaController)
[2022-09-13 11:32:58,598] INFO [Controller id=0] Fetching topic deletions in progress (kafka.controller.KafkaController)
[2022-09-13 11:32:58,604] INFO [Controller id=0] List of topics to be deleted:  (kafka.controller.KafkaController)
[2022-09-13 11:32:58,605] INFO [Controller id=0] List of topics ineligible for deletion:  (kafka.controller.KafkaController)
[2022-09-13 11:32:58,605] INFO [Controller id=0] Initializing topic deletion manager (kafka.controller.KafkaController)
[2022-09-13 11:32:58,606] INFO [Topic Deletion Manager 0] Initializing manager with initial deletions: Set(), initial ineligible deletions: Set() (kafka.controller.TopicDeletionManager)
[2022-09-13 11:32:58,607] INFO [Controller id=0] Sending update metadata request (kafka.controller.KafkaController)
[2022-09-13 11:32:58,627] INFO [ReplicaStateMachine controllerId=0] Initializing replica state (kafka.controller.ZkReplicaStateMachine)
[2022-09-13 11:32:58,628] INFO [ReplicaStateMachine controllerId=0] Triggering online replica state changes (kafka.controller.ZkReplicaStateMachine)
[2022-09-13 11:32:58,634] INFO [ReplicaStateMachine controllerId=0] Triggering offline replica state changes (kafka.controller.ZkReplicaStateMachine)
[2022-09-13 11:32:58,634] DEBUG [ReplicaStateMachine controllerId=0] Started replica state machine with initial state -> Map() (kafka.controller.ZkReplicaStateMachine)
[2022-09-13 11:32:58,635] INFO [PartitionStateMachine controllerId=0] Initializing partition state (kafka.controller.ZkPartitionStateMachine)
[2022-09-13 11:32:58,636] INFO [PartitionStateMachine controllerId=0] Triggering online partition state changes (kafka.controller.ZkPartitionStateMachine)
[2022-09-13 11:32:58,638] INFO [RequestSendThread controllerId=0] Controller 0 connected to ctsjava1341.iiht.tech:9092 (id: 0 rack: null) for sending state change requests (kafka.controller.RequestSendThread)
[2022-09-13 11:32:58,640] DEBUG [PartitionStateMachine controllerId=0] Started partition state machine with initial state -> Map() (kafka.controller.ZkPartitionStateMachine)
[2022-09-13 11:32:58,641] INFO [Controller id=0] Ready to serve as the new controller with epoch 1 (kafka.controller.KafkaController)
[2022-09-13 11:32:58,659] INFO [Controller id=0] Partitions undergoing preferred replica election:  (kafka.controller.KafkaController)
[2022-09-13 11:32:58,660] INFO [Controller id=0] Partitions that completed preferred replica election:  (kafka.controller.KafkaController)
[2022-09-13 11:32:58,660] INFO [Controller id=0] Skipping preferred replica election for partitions due to topic deletion:  (kafka.controller.KafkaController)
[2022-09-13 11:32:58,660] INFO [Controller id=0] Resuming preferred replica election for partitions:  (kafka.controller.KafkaController)
[2022-09-13 11:32:58,665] INFO [Controller id=0] Starting replica leader election (PREFERRED) for partitions  triggered by ZkTriggered (kafka.controller.KafkaController)
[2022-09-13 11:32:58,688] INFO [Controller id=0] Starting the controller scheduler (kafka.controller.KafkaController)
[2022-09-13 11:33:03,700] INFO [Controller id=0] Processing automatic preferred replica leader election (kafka.controller.KafkaController)
[2022-09-13 11:33:03,701] TRACE [Controller id=0] Checking need to trigger auto leader balancing (kafka.controller.KafkaController)
[2022-09-13 11:38:03,716] INFO [Controller id=0] Processing automatic preferred replica leader election (kafka.controller.KafkaController)
[2022-09-13 11:38:03,716] TRACE [Controller id=0] Checking need to trigger auto leader balancing (kafka.controller.KafkaController)
[2022-09-13 11:43:03,723] INFO [Controller id=0] Processing automatic preferred replica leader election (kafka.controller.KafkaController)
[2022-09-13 11:43:03,723] TRACE [Controller id=0] Checking need to trigger auto leader balancing (kafka.controller.KafkaController)
[2022-09-13 11:48:03,731] INFO [Controller id=0] Processing automatic preferred replica leader election (kafka.controller.KafkaController)
[2022-09-13 11:48:03,731] TRACE [Controller id=0] Checking need to trigger auto leader balancing (kafka.controller.KafkaController)
[2022-09-13 11:53:03,731] INFO [Controller id=0] Processing automatic preferred replica leader election (kafka.controller.KafkaController)
[2022-09-13 11:53:03,731] TRACE [Controller id=0] Checking need to trigger auto leader balancing (kafka.controller.KafkaController)
[2022-09-13 11:58:03,744] INFO [Controller id=0] Processing automatic preferred replica leader election (kafka.controller.KafkaController)
[2022-09-13 11:58:03,745] TRACE [Controller id=0] Checking need to trigger auto leader balancing (kafka.controller.KafkaController)
[2022-09-13 12:03:03,765] INFO [Controller id=0] Processing automatic preferred replica leader election (kafka.controller.KafkaController)
[2022-09-13 12:03:03,769] TRACE [Controller id=0] Checking need to trigger auto leader balancing (kafka.controller.KafkaController)
[2022-09-13 12:08:03,775] INFO [Controller id=0] Processing automatic preferred replica leader election (kafka.controller.KafkaController)
[2022-09-13 12:08:03,775] TRACE [Controller id=0] Checking need to trigger auto leader balancing (kafka.controller.KafkaController)
[2022-09-13 12:13:03,787] INFO [Controller id=0] Processing automatic preferred replica leader election (kafka.controller.KafkaController)
[2022-09-13 12:13:03,787] TRACE [Controller id=0] Checking need to trigger auto leader balancing (kafka.controller.KafkaController)
[2022-09-13 12:18:03,799] INFO [Controller id=0] Processing automatic preferred replica leader election (kafka.controller.KafkaController)
[2022-09-13 12:18:03,799] TRACE [Controller id=0] Checking need to trigger auto leader balancing (kafka.controller.KafkaController)
[2022-09-13 12:23:03,811] INFO [Controller id=0] Processing automatic preferred replica leader election (kafka.controller.KafkaController)
[2022-09-13 12:23:03,811] TRACE [Controller id=0] Checking need to trigger auto leader balancing (kafka.controller.KafkaController)
[2022-09-13 12:28:03,811] INFO [Controller id=0] Processing automatic preferred replica leader election (kafka.controller.KafkaController)
[2022-09-13 12:28:03,812] TRACE [Controller id=0] Checking need to trigger auto leader balancing (kafka.controller.KafkaController)
[2022-09-13 12:33:03,823] INFO [Controller id=0] Processing automatic preferred replica leader election (kafka.controller.KafkaController)
[2022-09-13 12:33:03,823] TRACE [Controller id=0] Checking need to trigger auto leader balancing (kafka.controller.KafkaController)
[2022-09-13 12:38:03,837] INFO [Controller id=0] Processing automatic preferred replica leader election (kafka.controller.KafkaController)
[2022-09-13 12:38:03,837] TRACE [Controller id=0] Checking need to trigger auto leader balancing (kafka.controller.KafkaController)
[2022-09-13 12:43:03,848] INFO [Controller id=0] Processing automatic preferred replica leader election (kafka.controller.KafkaController)
[2022-09-13 12:43:03,848] TRACE [Controller id=0] Checking need to trigger auto leader balancing (kafka.controller.KafkaController)
[2022-09-13 12:48:03,865] INFO [Controller id=0] Processing automatic preferred replica leader election (kafka.controller.KafkaController)
[2022-09-13 12:48:03,865] TRACE [Controller id=0] Checking need to trigger auto leader balancing (kafka.controller.KafkaController)
[2022-09-13 12:53:03,873] INFO [Controller id=0] Processing automatic preferred replica leader election (kafka.controller.KafkaController)
[2022-09-13 12:53:03,873] TRACE [Controller id=0] Checking need to trigger auto leader balancing (kafka.controller.KafkaController)
[2022-09-13 12:58:03,880] INFO [Controller id=0] Processing automatic preferred replica leader election (kafka.controller.KafkaController)
[2022-09-13 12:58:03,880] TRACE [Controller id=0] Checking need to trigger auto leader balancing (kafka.controller.KafkaController)
[2022-09-13 13:03:03,884] INFO [Controller id=0] Processing automatic preferred replica leader election (kafka.controller.KafkaController)
[2022-09-13 13:03:03,887] TRACE [Controller id=0] Checking need to trigger auto leader balancing (kafka.controller.KafkaController)
