[2022-09-13 11:31:54,095] INFO Reading configuration from: D:\kafka_2.12-3.2.1\config\zookeeper.properties (org.apache.zookeeper.server.quorum.QuorumPeerConfig)
[2022-09-13 11:31:54,102] WARN \tmp\zookeeper is relative. Prepend .\ to indicate that you're sure! (org.apache.zookeeper.server.quorum.QuorumPeerConfig)
[2022-09-13 11:31:54,113] INFO clientPortAddress is 0.0.0.0:2181 (org.apache.zookeeper.server.quorum.QuorumPeerConfig)
[2022-09-13 11:31:54,113] INFO secureClientPort is not set (org.apache.zookeeper.server.quorum.QuorumPeerConfig)
[2022-09-13 11:31:54,113] INFO observerMasterPort is not set (org.apache.zookeeper.server.quorum.QuorumPeerConfig)
[2022-09-13 11:31:54,113] INFO metricsProvider.className is org.apache.zookeeper.metrics.impl.DefaultMetricsProvider (org.apache.zookeeper.server.quorum.QuorumPeerConfig)
[2022-09-13 11:31:54,118] INFO autopurge.snapRetainCount set to 3 (org.apache.zookeeper.server.DatadirCleanupManager)
[2022-09-13 11:31:54,118] INFO autopurge.purgeInterval set to 0 (org.apache.zookeeper.server.DatadirCleanupManager)
[2022-09-13 11:31:54,118] INFO Purge task is not scheduled. (org.apache.zookeeper.server.DatadirCleanupManager)
[2022-09-13 11:31:54,118] WARN Either no config or no quorum defined in config, running in standalone mode (org.apache.zookeeper.server.quorum.QuorumPeerMain)
[2022-09-13 11:31:54,120] INFO Log4j 1.2 jmx support not found; jmx disabled. (org.apache.zookeeper.jmx.ManagedUtil)
[2022-09-13 11:31:54,121] INFO Reading configuration from: D:\kafka_2.12-3.2.1\config\zookeeper.properties (org.apache.zookeeper.server.quorum.QuorumPeerConfig)
[2022-09-13 11:31:54,122] WARN \tmp\zookeeper is relative. Prepend .\ to indicate that you're sure! (org.apache.zookeeper.server.quorum.QuorumPeerConfig)
[2022-09-13 11:31:54,122] INFO clientPortAddress is 0.0.0.0:2181 (org.apache.zookeeper.server.quorum.QuorumPeerConfig)
[2022-09-13 11:31:54,122] INFO secureClientPort is not set (org.apache.zookeeper.server.quorum.QuorumPeerConfig)
[2022-09-13 11:31:54,123] INFO observerMasterPort is not set (org.apache.zookeeper.server.quorum.QuorumPeerConfig)
[2022-09-13 11:31:54,123] INFO metricsProvider.className is org.apache.zookeeper.metrics.impl.DefaultMetricsProvider (org.apache.zookeeper.server.quorum.QuorumPeerConfig)
[2022-09-13 11:31:54,123] INFO Starting server (org.apache.zookeeper.server.ZooKeeperServerMain)
[2022-09-13 11:31:54,141] INFO ServerMetrics initialized with provider org.apache.zookeeper.metrics.impl.DefaultMetricsProvider@140c9f39 (org.apache.zookeeper.server.ServerMetrics)
[2022-09-13 11:31:54,147] INFO zookeeper.snapshot.trust.empty : false (org.apache.zookeeper.server.persistence.FileTxnSnapLog)
[2022-09-13 11:31:54,164] INFO  (org.apache.zookeeper.server.ZooKeeperServer)
[2022-09-13 11:31:54,165] INFO   ______                  _                                           (org.apache.zookeeper.server.ZooKeeperServer)
[2022-09-13 11:31:54,165] INFO  |___  /                 | |                                          (org.apache.zookeeper.server.ZooKeeperServer)
[2022-09-13 11:31:54,166] INFO     / /    ___     ___   | | __   ___    ___   _ __     ___   _ __    (org.apache.zookeeper.server.ZooKeeperServer)
[2022-09-13 11:31:54,166] INFO    / /    / _ \   / _ \  | |/ /  / _ \  / _ \ | '_ \   / _ \ | '__| (org.apache.zookeeper.server.ZooKeeperServer)
[2022-09-13 11:31:54,167] INFO   / /__  | (_) | | (_) | |   <  |  __/ |  __/ | |_) | |  __/ | |     (org.apache.zookeeper.server.ZooKeeperServer)
[2022-09-13 11:31:54,168] INFO  /_____|  \___/   \___/  |_|\_\  \___|  \___| | .__/   \___| |_| (org.apache.zookeeper.server.ZooKeeperServer)
[2022-09-13 11:31:54,168] INFO                                               | |                      (org.apache.zookeeper.server.ZooKeeperServer)
[2022-09-13 11:31:54,169] INFO                                               |_|                      (org.apache.zookeeper.server.ZooKeeperServer)
[2022-09-13 11:31:54,170] INFO  (org.apache.zookeeper.server.ZooKeeperServer)
[2022-09-13 11:31:54,174] INFO Server environment:zookeeper.version=3.6.3--6401e4ad2087061bc6b9f80dec2d69f2e3c8660a, built on 04/08/2021 16:35 GMT (org.apache.zookeeper.server.ZooKeeperServer)
[2022-09-13 11:31:54,175] INFO Server environment:host.name=ctsjava1341.iiht.tech (org.apache.zookeeper.server.ZooKeeperServer)
[2022-09-13 11:31:54,176] INFO Server environment:java.version=11.0.16 (org.apache.zookeeper.server.ZooKeeperServer)
[2022-09-13 11:31:54,176] INFO Server environment:java.vendor=Oracle Corporation (org.apache.zookeeper.server.ZooKeeperServer)
[2022-09-13 11:31:54,177] INFO Server environment:java.home=C:\Program Files\Java\jdk-11.0.16 (org.apache.zookeeper.server.ZooKeeperServer)
[2022-09-13 11:31:54,178] INFO Server environment:java.class.path=D:\kafka_2.12-3.2.1\libs\activation-1.1.1.jar;D:\kafka_2.12-3.2.1\libs\aopalliance-repackaged-2.6.1.jar;D:\kafka_2.12-3.2.1\libs\argparse4j-0.7.0.jar;D:\kafka_2.12-3.2.1\libs\audience-annotations-0.5.0.jar;D:\kafka_2.12-3.2.1\libs\commons-cli-1.4.jar;D:\kafka_2.12-3.2.1\libs\commons-lang3-3.8.1.jar;D:\kafka_2.12-3.2.1\libs\connect-api-3.2.1.jar;D:\kafka_2.12-3.2.1\libs\connect-basic-auth-extension-3.2.1.jar;D:\kafka_2.12-3.2.1\libs\connect-file-3.2.1.jar;D:\kafka_2.12-3.2.1\libs\connect-json-3.2.1.jar;D:\kafka_2.12-3.2.1\libs\connect-mirror-3.2.1.jar;D:\kafka_2.12-3.2.1\libs\connect-mirror-client-3.2.1.jar;D:\kafka_2.12-3.2.1\libs\connect-runtime-3.2.1.jar;D:\kafka_2.12-3.2.1\libs\connect-transforms-3.2.1.jar;D:\kafka_2.12-3.2.1\libs\hk2-api-2.6.1.jar;D:\kafka_2.12-3.2.1\libs\hk2-locator-2.6.1.jar;D:\kafka_2.12-3.2.1\libs\hk2-utils-2.6.1.jar;D:\kafka_2.12-3.2.1\libs\jackson-annotations-2.12.6.jar;D:\kafka_2.12-3.2.1\libs\jackson-core-2.12.6.jar;D:\kafka_2.12-3.2.1\libs\jackson-databind-2.12.6.1.jar;D:\kafka_2.12-3.2.1\libs\jackson-dataformat-csv-2.12.6.jar;D:\kafka_2.12-3.2.1\libs\jackson-datatype-jdk8-2.12.6.jar;D:\kafka_2.12-3.2.1\libs\jackson-jaxrs-base-2.12.6.jar;D:\kafka_2.12-3.2.1\libs\jackson-jaxrs-json-provider-2.12.6.jar;D:\kafka_2.12-3.2.1\libs\jackson-module-jaxb-annotations-2.12.6.jar;D:\kafka_2.12-3.2.1\libs\jackson-module-scala_2.12-2.12.6.jar;D:\kafka_2.12-3.2.1\libs\jakarta.activation-api-1.2.1.jar;D:\kafka_2.12-3.2.1\libs\jakarta.annotation-api-1.3.5.jar;D:\kafka_2.12-3.2.1\libs\jakarta.inject-2.6.1.jar;D:\kafka_2.12-3.2.1\libs\jakarta.validation-api-2.0.2.jar;D:\kafka_2.12-3.2.1\libs\jakarta.ws.rs-api-2.1.6.jar;D:\kafka_2.12-3.2.1\libs\jakarta.xml.bind-api-2.3.2.jar;D:\kafka_2.12-3.2.1\libs\javassist-3.27.0-GA.jar;D:\kafka_2.12-3.2.1\libs\javax.servlet-api-3.1.0.jar;D:\kafka_2.12-3.2.1\libs\javax.ws.rs-api-2.1.1.jar;D:\kafka_2.12-3.2.1\libs\jaxb-api-2.3.0.jar;D:\kafka_2.12-3.2.1\libs\jersey-client-2.34.jar;D:\kafka_2.12-3.2.1\libs\jersey-common-2.34.jar;D:\kafka_2.12-3.2.1\libs\jersey-container-servlet-2.34.jar;D:\kafka_2.12-3.2.1\libs\jersey-container-servlet-core-2.34.jar;D:\kafka_2.12-3.2.1\libs\jersey-hk2-2.34.jar;D:\kafka_2.12-3.2.1\libs\jersey-server-2.34.jar;D:\kafka_2.12-3.2.1\libs\jetty-client-9.4.44.v20210927.jar;D:\kafka_2.12-3.2.1\libs\jetty-continuation-9.4.44.v20210927.jar;D:\kafka_2.12-3.2.1\libs\jetty-http-9.4.44.v20210927.jar;D:\kafka_2.12-3.2.1\libs\jetty-io-9.4.44.v20210927.jar;D:\kafka_2.12-3.2.1\libs\jetty-security-9.4.44.v20210927.jar;D:\kafka_2.12-3.2.1\libs\jetty-server-9.4.44.v20210927.jar;D:\kafka_2.12-3.2.1\libs\jetty-servlet-9.4.44.v20210927.jar;D:\kafka_2.12-3.2.1\libs\jetty-servlets-9.4.44.v20210927.jar;D:\kafka_2.12-3.2.1\libs\jetty-util-9.4.44.v20210927.jar;D:\kafka_2.12-3.2.1\libs\jetty-util-ajax-9.4.44.v20210927.jar;D:\kafka_2.12-3.2.1\libs\jline-3.21.0.jar;D:\kafka_2.12-3.2.1\libs\jopt-simple-5.0.4.jar;D:\kafka_2.12-3.2.1\libs\jose4j-0.7.9.jar;D:\kafka_2.12-3.2.1\libs\kafka-clients-3.2.1.jar;D:\kafka_2.12-3.2.1\libs\kafka-log4j-appender-3.2.1.jar;D:\kafka_2.12-3.2.1\libs\kafka-metadata-3.2.1.jar;D:\kafka_2.12-3.2.1\libs\kafka-raft-3.2.1.jar;D:\kafka_2.12-3.2.1\libs\kafka-server-common-3.2.1.jar;D:\kafka_2.12-3.2.1\libs\kafka-shell-3.2.1.jar;D:\kafka_2.12-3.2.1\libs\kafka-storage-3.2.1.jar;D:\kafka_2.12-3.2.1\libs\kafka-storage-api-3.2.1.jar;D:\kafka_2.12-3.2.1\libs\kafka-streams-3.2.1.jar;D:\kafka_2.12-3.2.1\libs\kafka-streams-examples-3.2.1.jar;D:\kafka_2.12-3.2.1\libs\kafka-streams-scala_2.12-3.2.1.jar;D:\kafka_2.12-3.2.1\libs\kafka-streams-test-utils-3.2.1.jar;D:\kafka_2.12-3.2.1\libs\kafka-tools-3.2.1.jar;D:\kafka_2.12-3.2.1\libs\kafka_2.12-3.2.1.jar;D:\kafka_2.12-3.2.1\libs\lz4-java-1.8.0.jar;D:\kafka_2.12-3.2.1\libs\maven-artifact-3.8.4.jar;D:\kafka_2.12-3.2.1\libs\metrics-core-2.2.0.jar;D:\kafka_2.12-3.2.1\libs\metrics-core-4.1.12.1.jar;D:\kafka_2.12-3.2.1\libs\netty-buffer-4.1.73.Final.jar;D:\kafka_2.12-3.2.1\libs\netty-codec-4.1.73.Final.jar;D:\kafka_2.12-3.2.1\libs\netty-common-4.1.73.Final.jar;D:\kafka_2.12-3.2.1\libs\netty-handler-4.1.73.Final.jar;D:\kafka_2.12-3.2.1\libs\netty-resolver-4.1.73.Final.jar;D:\kafka_2.12-3.2.1\libs\netty-tcnative-classes-2.0.46.Final.jar;D:\kafka_2.12-3.2.1\libs\netty-transport-4.1.73.Final.jar;D:\kafka_2.12-3.2.1\libs\netty-transport-classes-epoll-4.1.73.Final.jar;D:\kafka_2.12-3.2.1\libs\netty-transport-native-epoll-4.1.73.Final.jar;D:\kafka_2.12-3.2.1\libs\netty-transport-native-unix-common-4.1.73.Final.jar;D:\kafka_2.12-3.2.1\libs\osgi-resource-locator-1.0.3.jar;D:\kafka_2.12-3.2.1\libs\paranamer-2.8.jar;D:\kafka_2.12-3.2.1\libs\plexus-utils-3.3.0.jar;D:\kafka_2.12-3.2.1\libs\reflections-0.9.12.jar;D:\kafka_2.12-3.2.1\libs\reload4j-1.2.19.jar;D:\kafka_2.12-3.2.1\libs\rocksdbjni-6.29.4.1.jar;D:\kafka_2.12-3.2.1\libs\scala-collection-compat_2.12-2.6.0.jar;D:\kafka_2.12-3.2.1\libs\scala-java8-compat_2.12-1.0.2.jar;D:\kafka_2.12-3.2.1\libs\scala-library-2.12.15.jar;D:\kafka_2.12-3.2.1\libs\scala-logging_2.12-3.9.4.jar;D:\kafka_2.12-3.2.1\libs\scala-reflect-2.12.15.jar;D:\kafka_2.12-3.2.1\libs\slf4j-api-1.7.36.jar;D:\kafka_2.12-3.2.1\libs\slf4j-reload4j-1.7.36.jar;D:\kafka_2.12-3.2.1\libs\snappy-java-1.1.8.4.jar;D:\kafka_2.12-3.2.1\libs\trogdor-3.2.1.jar;D:\kafka_2.12-3.2.1\libs\zookeeper-3.6.3.jar;D:\kafka_2.12-3.2.1\libs\zookeeper-jute-3.6.3.jar;D:\kafka_2.12-3.2.1\libs\zstd-jni-1.5.2-1.jar (org.apache.zookeeper.server.ZooKeeperServer)
[2022-09-13 11:31:54,179] INFO Server environment:java.library.path=C:\Program Files\Java\jdk-11.0.16\bin;C:\Windows\Sun\Java\bin;C:\Windows\system32;C:\Windows;C:\Program Files\Python310\Scripts\;C:\Program Files\Python310\;C:\Program Files (x86)\Microsoft SDKs\Azure\CLI2\wbin;C:\Program Files\Common Files\Oracle\Java\javapath;C:\Windows\system32;C:\Windows;C:\Windows\System32\Wbem;C:\Windows\System32\WindowsPowerShell\v1.0\;C:\Windows\System32\OpenSSH\;C:\Program Files\Java\jdk-11.0.12\bin;C:\apache-maven-3.8.3\bin;C:\sonarqube-9.1.0.47736\bin;C:\Program Files\Amazon\AWSCLIV2\;C:\Program Files\Git\cmd;C:\Program Files (x86)\Groovy\bin;C:\Program Files\nodejs\;C:\Program Files\Microsoft VS Code\bin;C:\kafka_2.12-2.4.1\bin;C:\Users\User\AppData\Roaming\npm\node_modules;C:\Users\User\AppData\Roaming\npm;;C:\Program Files\Docker\Docker\resources\bin;C:\ProgramData\DockerDesktop\version-bin;C:\Program Files\Citrix\System32\;C:\Program Files\Citrix\ICAService\;C:\Program Files\MySQL\MySQL Shell 8.0\bin\;C:\Users\cogjava3200\AppData\Local\Microsoft\WindowsApps;D:\kafka_2.12-2.4.1\kafka_2.12-2.4.1\bin;;. (org.apache.zookeeper.server.ZooKeeperServer)
[2022-09-13 11:31:54,183] INFO Server environment:java.io.tmpdir=C:\Users\COGJAV~1\AppData\Local\Temp\ (org.apache.zookeeper.server.ZooKeeperServer)
[2022-09-13 11:31:54,184] INFO Server environment:java.compiler=<NA> (org.apache.zookeeper.server.ZooKeeperServer)
[2022-09-13 11:31:54,184] INFO Server environment:os.name=Windows 10 (org.apache.zookeeper.server.ZooKeeperServer)
[2022-09-13 11:31:54,185] INFO Server environment:os.arch=amd64 (org.apache.zookeeper.server.ZooKeeperServer)
[2022-09-13 11:31:54,185] INFO Server environment:os.version=10.0 (org.apache.zookeeper.server.ZooKeeperServer)
[2022-09-13 11:31:54,186] INFO Server environment:user.name=cogjava3200 (org.apache.zookeeper.server.ZooKeeperServer)
[2022-09-13 11:31:54,186] INFO Server environment:user.home=C:\Users\cogjava3200 (org.apache.zookeeper.server.ZooKeeperServer)
[2022-09-13 11:31:54,187] INFO Server environment:user.dir=D:\kafka_2.12-3.2.1\bin\windows (org.apache.zookeeper.server.ZooKeeperServer)
[2022-09-13 11:31:54,187] INFO Server environment:os.memory.free=491MB (org.apache.zookeeper.server.ZooKeeperServer)
[2022-09-13 11:31:54,188] INFO Server environment:os.memory.max=512MB (org.apache.zookeeper.server.ZooKeeperServer)
[2022-09-13 11:31:54,188] INFO Server environment:os.memory.total=512MB (org.apache.zookeeper.server.ZooKeeperServer)
[2022-09-13 11:31:54,189] INFO zookeeper.enableEagerACLCheck = false (org.apache.zookeeper.server.ZooKeeperServer)
[2022-09-13 11:31:54,189] INFO zookeeper.digest.enabled = true (org.apache.zookeeper.server.ZooKeeperServer)
[2022-09-13 11:31:54,190] INFO zookeeper.closeSessionTxn.enabled = true (org.apache.zookeeper.server.ZooKeeperServer)
[2022-09-13 11:31:54,190] INFO zookeeper.flushDelay=0 (org.apache.zookeeper.server.ZooKeeperServer)
[2022-09-13 11:31:54,191] INFO zookeeper.maxWriteQueuePollTime=0 (org.apache.zookeeper.server.ZooKeeperServer)
[2022-09-13 11:31:54,191] INFO zookeeper.maxBatchSize=1000 (org.apache.zookeeper.server.ZooKeeperServer)
[2022-09-13 11:31:54,192] INFO zookeeper.intBufferStartingSizeBytes = 1024 (org.apache.zookeeper.server.ZooKeeperServer)
[2022-09-13 11:31:54,194] INFO Weighed connection throttling is disabled (org.apache.zookeeper.server.BlueThrottle)
[2022-09-13 11:31:54,197] INFO minSessionTimeout set to 6000 (org.apache.zookeeper.server.ZooKeeperServer)
[2022-09-13 11:31:54,198] INFO maxSessionTimeout set to 60000 (org.apache.zookeeper.server.ZooKeeperServer)
[2022-09-13 11:31:54,201] INFO Response cache size is initialized with value 400. (org.apache.zookeeper.server.ResponseCache)
[2022-09-13 11:31:54,201] INFO Response cache size is initialized with value 400. (org.apache.zookeeper.server.ResponseCache)
[2022-09-13 11:31:54,203] INFO zookeeper.pathStats.slotCapacity = 60 (org.apache.zookeeper.server.util.RequestPathMetricsCollector)
[2022-09-13 11:31:54,203] INFO zookeeper.pathStats.slotDuration = 15 (org.apache.zookeeper.server.util.RequestPathMetricsCollector)
[2022-09-13 11:31:54,204] INFO zookeeper.pathStats.maxDepth = 6 (org.apache.zookeeper.server.util.RequestPathMetricsCollector)
[2022-09-13 11:31:54,204] INFO zookeeper.pathStats.initialDelay = 5 (org.apache.zookeeper.server.util.RequestPathMetricsCollector)
[2022-09-13 11:31:54,205] INFO zookeeper.pathStats.delay = 5 (org.apache.zookeeper.server.util.RequestPathMetricsCollector)
[2022-09-13 11:31:54,206] INFO zookeeper.pathStats.enabled = false (org.apache.zookeeper.server.util.RequestPathMetricsCollector)
[2022-09-13 11:31:54,210] INFO The max bytes for all large requests are set to 104857600 (org.apache.zookeeper.server.ZooKeeperServer)
[2022-09-13 11:31:54,211] INFO The large request threshold is set to -1 (org.apache.zookeeper.server.ZooKeeperServer)
[2022-09-13 11:31:54,215] INFO Created server with tickTime 3000 minSessionTimeout 6000 maxSessionTimeout 60000 clientPortListenBacklog -1 datadir \tmp\zookeeper\version-2 snapdir \tmp\zookeeper\version-2 (org.apache.zookeeper.server.ZooKeeperServer)
[2022-09-13 11:31:54,238] INFO Using org.apache.zookeeper.server.NIOServerCnxnFactory as server connection factory (org.apache.zookeeper.server.ServerCnxnFactory)
[2022-09-13 11:31:54,240] WARN maxCnxns is not configured, using default value 0. (org.apache.zookeeper.server.ServerCnxnFactory)
[2022-09-13 11:31:54,243] INFO Configuring NIO connection handler with 10s sessionless connection timeout, 1 selector thread(s), 12 worker threads, and 64 kB direct buffers. (org.apache.zookeeper.server.NIOServerCnxnFactory)
[2022-09-13 11:31:54,247] INFO binding to port 0.0.0.0/0.0.0.0:2181 (org.apache.zookeeper.server.NIOServerCnxnFactory)
[2022-09-13 11:31:54,273] INFO Using org.apache.zookeeper.server.watch.WatchManager as watch manager (org.apache.zookeeper.server.watch.WatchManagerFactory)
[2022-09-13 11:31:54,274] INFO Using org.apache.zookeeper.server.watch.WatchManager as watch manager (org.apache.zookeeper.server.watch.WatchManagerFactory)
[2022-09-13 11:31:54,276] INFO zookeeper.snapshotSizeFactor = 0.33 (org.apache.zookeeper.server.ZKDatabase)
[2022-09-13 11:31:54,278] INFO zookeeper.commitLogCount=500 (org.apache.zookeeper.server.ZKDatabase)
[2022-09-13 11:31:54,284] INFO zookeeper.snapshot.compression.method = CHECKED (org.apache.zookeeper.server.persistence.SnapStream)
[2022-09-13 11:31:54,292] INFO Reading snapshot \tmp\zookeeper\version-2\snapshot.19 (org.apache.zookeeper.server.persistence.FileSnap)
[2022-09-13 11:31:54,301] INFO The digest in the snapshot has digest version of 2, , with zxid as 0x19, and digest value as 31237783691 (org.apache.zookeeper.server.DataTree)
[2022-09-13 11:31:54,346] INFO ZooKeeper audit is disabled. (org.apache.zookeeper.audit.ZKAuditProvider)
[2022-09-13 11:31:54,347] INFO 17 txns loaded in 17 ms (org.apache.zookeeper.server.persistence.FileTxnSnapLog)
[2022-09-13 11:31:54,348] INFO Snapshot loaded in 70 ms, highest zxid is 0x2a, digest is 34199381177 (org.apache.zookeeper.server.ZKDatabase)
[2022-09-13 11:31:54,349] INFO Snapshotting: 0x2a to \tmp\zookeeper\version-2\snapshot.2a (org.apache.zookeeper.server.persistence.FileTxnSnapLog)
[2022-09-13 11:31:54,355] INFO Snapshot taken in 6 ms (org.apache.zookeeper.server.ZooKeeperServer)
[2022-09-13 11:31:54,370] INFO zookeeper.request_throttler.shutdownTimeout = 10000 (org.apache.zookeeper.server.RequestThrottler)
[2022-09-13 11:31:54,369] INFO PrepRequestProcessor (sid:0) started, reconfigEnabled=false (org.apache.zookeeper.server.PrepRequestProcessor)
[2022-09-13 11:31:54,395] INFO Using checkIntervalMs=60000 maxPerMinute=10000 maxNeverUsedIntervalMs=0 (org.apache.zookeeper.server.ContainerManager)
[2022-09-13 11:32:55,005] INFO Registered kafka:type=kafka.Log4jController MBean (kafka.utils.Log4jControllerRegistration$)
[2022-09-13 11:32:55,790] INFO Setting -D jdk.tls.rejectClientInitiatedRenegotiation=true to disable client-initiated TLS renegotiation (org.apache.zookeeper.common.X509Util)
[2022-09-13 11:32:55,955] INFO starting (kafka.server.KafkaServer)
[2022-09-13 11:32:55,956] INFO Connecting to zookeeper on localhost:2181 (kafka.server.KafkaServer)
[2022-09-13 11:32:55,980] INFO [ZooKeeperClient Kafka server] Initializing a new session to localhost:2181. (kafka.zookeeper.ZooKeeperClient)
[2022-09-13 11:32:55,989] INFO Client environment:zookeeper.version=3.6.3--6401e4ad2087061bc6b9f80dec2d69f2e3c8660a, built on 04/08/2021 16:35 GMT (org.apache.zookeeper.ZooKeeper)
[2022-09-13 11:32:55,990] INFO Client environment:host.name=ctsjava1341.iiht.tech (org.apache.zookeeper.ZooKeeper)
[2022-09-13 11:32:55,990] INFO Client environment:java.version=11.0.16 (org.apache.zookeeper.ZooKeeper)
[2022-09-13 11:32:55,990] INFO Client environment:java.vendor=Oracle Corporation (org.apache.zookeeper.ZooKeeper)
[2022-09-13 11:32:55,990] INFO Client environment:java.home=C:\Program Files\Java\jdk-11.0.16 (org.apache.zookeeper.ZooKeeper)
[2022-09-13 11:32:55,991] INFO Client environment:java.class.path=D:\kafka_2.12-3.2.1\libs\activation-1.1.1.jar;D:\kafka_2.12-3.2.1\libs\aopalliance-repackaged-2.6.1.jar;D:\kafka_2.12-3.2.1\libs\argparse4j-0.7.0.jar;D:\kafka_2.12-3.2.1\libs\audience-annotations-0.5.0.jar;D:\kafka_2.12-3.2.1\libs\commons-cli-1.4.jar;D:\kafka_2.12-3.2.1\libs\commons-lang3-3.8.1.jar;D:\kafka_2.12-3.2.1\libs\connect-api-3.2.1.jar;D:\kafka_2.12-3.2.1\libs\connect-basic-auth-extension-3.2.1.jar;D:\kafka_2.12-3.2.1\libs\connect-file-3.2.1.jar;D:\kafka_2.12-3.2.1\libs\connect-json-3.2.1.jar;D:\kafka_2.12-3.2.1\libs\connect-mirror-3.2.1.jar;D:\kafka_2.12-3.2.1\libs\connect-mirror-client-3.2.1.jar;D:\kafka_2.12-3.2.1\libs\connect-runtime-3.2.1.jar;D:\kafka_2.12-3.2.1\libs\connect-transforms-3.2.1.jar;D:\kafka_2.12-3.2.1\libs\hk2-api-2.6.1.jar;D:\kafka_2.12-3.2.1\libs\hk2-locator-2.6.1.jar;D:\kafka_2.12-3.2.1\libs\hk2-utils-2.6.1.jar;D:\kafka_2.12-3.2.1\libs\jackson-annotations-2.12.6.jar;D:\kafka_2.12-3.2.1\libs\jackson-core-2.12.6.jar;D:\kafka_2.12-3.2.1\libs\jackson-databind-2.12.6.1.jar;D:\kafka_2.12-3.2.1\libs\jackson-dataformat-csv-2.12.6.jar;D:\kafka_2.12-3.2.1\libs\jackson-datatype-jdk8-2.12.6.jar;D:\kafka_2.12-3.2.1\libs\jackson-jaxrs-base-2.12.6.jar;D:\kafka_2.12-3.2.1\libs\jackson-jaxrs-json-provider-2.12.6.jar;D:\kafka_2.12-3.2.1\libs\jackson-module-jaxb-annotations-2.12.6.jar;D:\kafka_2.12-3.2.1\libs\jackson-module-scala_2.12-2.12.6.jar;D:\kafka_2.12-3.2.1\libs\jakarta.activation-api-1.2.1.jar;D:\kafka_2.12-3.2.1\libs\jakarta.annotation-api-1.3.5.jar;D:\kafka_2.12-3.2.1\libs\jakarta.inject-2.6.1.jar;D:\kafka_2.12-3.2.1\libs\jakarta.validation-api-2.0.2.jar;D:\kafka_2.12-3.2.1\libs\jakarta.ws.rs-api-2.1.6.jar;D:\kafka_2.12-3.2.1\libs\jakarta.xml.bind-api-2.3.2.jar;D:\kafka_2.12-3.2.1\libs\javassist-3.27.0-GA.jar;D:\kafka_2.12-3.2.1\libs\javax.servlet-api-3.1.0.jar;D:\kafka_2.12-3.2.1\libs\javax.ws.rs-api-2.1.1.jar;D:\kafka_2.12-3.2.1\libs\jaxb-api-2.3.0.jar;D:\kafka_2.12-3.2.1\libs\jersey-client-2.34.jar;D:\kafka_2.12-3.2.1\libs\jersey-common-2.34.jar;D:\kafka_2.12-3.2.1\libs\jersey-container-servlet-2.34.jar;D:\kafka_2.12-3.2.1\libs\jersey-container-servlet-core-2.34.jar;D:\kafka_2.12-3.2.1\libs\jersey-hk2-2.34.jar;D:\kafka_2.12-3.2.1\libs\jersey-server-2.34.jar;D:\kafka_2.12-3.2.1\libs\jetty-client-9.4.44.v20210927.jar;D:\kafka_2.12-3.2.1\libs\jetty-continuation-9.4.44.v20210927.jar;D:\kafka_2.12-3.2.1\libs\jetty-http-9.4.44.v20210927.jar;D:\kafka_2.12-3.2.1\libs\jetty-io-9.4.44.v20210927.jar;D:\kafka_2.12-3.2.1\libs\jetty-security-9.4.44.v20210927.jar;D:\kafka_2.12-3.2.1\libs\jetty-server-9.4.44.v20210927.jar;D:\kafka_2.12-3.2.1\libs\jetty-servlet-9.4.44.v20210927.jar;D:\kafka_2.12-3.2.1\libs\jetty-servlets-9.4.44.v20210927.jar;D:\kafka_2.12-3.2.1\libs\jetty-util-9.4.44.v20210927.jar;D:\kafka_2.12-3.2.1\libs\jetty-util-ajax-9.4.44.v20210927.jar;D:\kafka_2.12-3.2.1\libs\jline-3.21.0.jar;D:\kafka_2.12-3.2.1\libs\jopt-simple-5.0.4.jar;D:\kafka_2.12-3.2.1\libs\jose4j-0.7.9.jar;D:\kafka_2.12-3.2.1\libs\kafka-clients-3.2.1.jar;D:\kafka_2.12-3.2.1\libs\kafka-log4j-appender-3.2.1.jar;D:\kafka_2.12-3.2.1\libs\kafka-metadata-3.2.1.jar;D:\kafka_2.12-3.2.1\libs\kafka-raft-3.2.1.jar;D:\kafka_2.12-3.2.1\libs\kafka-server-common-3.2.1.jar;D:\kafka_2.12-3.2.1\libs\kafka-shell-3.2.1.jar;D:\kafka_2.12-3.2.1\libs\kafka-storage-3.2.1.jar;D:\kafka_2.12-3.2.1\libs\kafka-storage-api-3.2.1.jar;D:\kafka_2.12-3.2.1\libs\kafka-streams-3.2.1.jar;D:\kafka_2.12-3.2.1\libs\kafka-streams-examples-3.2.1.jar;D:\kafka_2.12-3.2.1\libs\kafka-streams-scala_2.12-3.2.1.jar;D:\kafka_2.12-3.2.1\libs\kafka-streams-test-utils-3.2.1.jar;D:\kafka_2.12-3.2.1\libs\kafka-tools-3.2.1.jar;D:\kafka_2.12-3.2.1\libs\kafka_2.12-3.2.1.jar;D:\kafka_2.12-3.2.1\libs\lz4-java-1.8.0.jar;D:\kafka_2.12-3.2.1\libs\maven-artifact-3.8.4.jar;D:\kafka_2.12-3.2.1\libs\metrics-core-2.2.0.jar;D:\kafka_2.12-3.2.1\libs\metrics-core-4.1.12.1.jar;D:\kafka_2.12-3.2.1\libs\netty-buffer-4.1.73.Final.jar;D:\kafka_2.12-3.2.1\libs\netty-codec-4.1.73.Final.jar;D:\kafka_2.12-3.2.1\libs\netty-common-4.1.73.Final.jar;D:\kafka_2.12-3.2.1\libs\netty-handler-4.1.73.Final.jar;D:\kafka_2.12-3.2.1\libs\netty-resolver-4.1.73.Final.jar;D:\kafka_2.12-3.2.1\libs\netty-tcnative-classes-2.0.46.Final.jar;D:\kafka_2.12-3.2.1\libs\netty-transport-4.1.73.Final.jar;D:\kafka_2.12-3.2.1\libs\netty-transport-classes-epoll-4.1.73.Final.jar;D:\kafka_2.12-3.2.1\libs\netty-transport-native-epoll-4.1.73.Final.jar;D:\kafka_2.12-3.2.1\libs\netty-transport-native-unix-common-4.1.73.Final.jar;D:\kafka_2.12-3.2.1\libs\osgi-resource-locator-1.0.3.jar;D:\kafka_2.12-3.2.1\libs\paranamer-2.8.jar;D:\kafka_2.12-3.2.1\libs\plexus-utils-3.3.0.jar;D:\kafka_2.12-3.2.1\libs\reflections-0.9.12.jar;D:\kafka_2.12-3.2.1\libs\reload4j-1.2.19.jar;D:\kafka_2.12-3.2.1\libs\rocksdbjni-6.29.4.1.jar;D:\kafka_2.12-3.2.1\libs\scala-collection-compat_2.12-2.6.0.jar;D:\kafka_2.12-3.2.1\libs\scala-java8-compat_2.12-1.0.2.jar;D:\kafka_2.12-3.2.1\libs\scala-library-2.12.15.jar;D:\kafka_2.12-3.2.1\libs\scala-logging_2.12-3.9.4.jar;D:\kafka_2.12-3.2.1\libs\scala-reflect-2.12.15.jar;D:\kafka_2.12-3.2.1\libs\slf4j-api-1.7.36.jar;D:\kafka_2.12-3.2.1\libs\slf4j-reload4j-1.7.36.jar;D:\kafka_2.12-3.2.1\libs\snappy-java-1.1.8.4.jar;D:\kafka_2.12-3.2.1\libs\trogdor-3.2.1.jar;D:\kafka_2.12-3.2.1\libs\zookeeper-3.6.3.jar;D:\kafka_2.12-3.2.1\libs\zookeeper-jute-3.6.3.jar;D:\kafka_2.12-3.2.1\libs\zstd-jni-1.5.2-1.jar (org.apache.zookeeper.ZooKeeper)
[2022-09-13 11:32:55,993] INFO Client environment:java.library.path=C:\Program Files\Java\jdk-11.0.16\bin;C:\Windows\Sun\Java\bin;C:\Windows\system32;C:\Windows;C:\Program Files\Python310\Scripts\;C:\Program Files\Python310\;C:\Program Files (x86)\Microsoft SDKs\Azure\CLI2\wbin;C:\Program Files\Common Files\Oracle\Java\javapath;C:\Windows\system32;C:\Windows;C:\Windows\System32\Wbem;C:\Windows\System32\WindowsPowerShell\v1.0\;C:\Windows\System32\OpenSSH\;C:\Program Files\Java\jdk-11.0.12\bin;C:\apache-maven-3.8.3\bin;C:\sonarqube-9.1.0.47736\bin;C:\Program Files\Amazon\AWSCLIV2\;C:\Program Files\Git\cmd;C:\Program Files (x86)\Groovy\bin;C:\Program Files\nodejs\;C:\Program Files\Microsoft VS Code\bin;C:\kafka_2.12-2.4.1\bin;C:\Users\User\AppData\Roaming\npm\node_modules;C:\Users\User\AppData\Roaming\npm;;C:\Program Files\Docker\Docker\resources\bin;C:\ProgramData\DockerDesktop\version-bin;C:\Program Files\Citrix\System32\;C:\Program Files\Citrix\ICAService\;C:\Program Files\MySQL\MySQL Shell 8.0\bin\;C:\Users\cogjava3200\AppData\Local\Microsoft\WindowsApps;D:\kafka_2.12-2.4.1\kafka_2.12-2.4.1\bin;;. (org.apache.zookeeper.ZooKeeper)
[2022-09-13 11:32:55,996] INFO Client environment:java.io.tmpdir=C:\Users\COGJAV~1\AppData\Local\Temp\ (org.apache.zookeeper.ZooKeeper)
[2022-09-13 11:32:55,997] INFO Client environment:java.compiler=<NA> (org.apache.zookeeper.ZooKeeper)
[2022-09-13 11:32:55,998] INFO Client environment:os.name=Windows 10 (org.apache.zookeeper.ZooKeeper)
[2022-09-13 11:32:55,998] INFO Client environment:os.arch=amd64 (org.apache.zookeeper.ZooKeeper)
[2022-09-13 11:32:55,999] INFO Client environment:os.version=10.0 (org.apache.zookeeper.ZooKeeper)
[2022-09-13 11:32:56,000] INFO Client environment:user.name=cogjava3200 (org.apache.zookeeper.ZooKeeper)
[2022-09-13 11:32:56,000] INFO Client environment:user.home=C:\Users\cogjava3200 (org.apache.zookeeper.ZooKeeper)
[2022-09-13 11:32:56,001] INFO Client environment:user.dir=D:\kafka_2.12-3.2.1\bin\windows (org.apache.zookeeper.ZooKeeper)
[2022-09-13 11:32:56,001] INFO Client environment:os.memory.free=1011MB (org.apache.zookeeper.ZooKeeper)
[2022-09-13 11:32:56,002] INFO Client environment:os.memory.max=1024MB (org.apache.zookeeper.ZooKeeper)
[2022-09-13 11:32:56,002] INFO Client environment:os.memory.total=1024MB (org.apache.zookeeper.ZooKeeper)
[2022-09-13 11:32:56,008] INFO Initiating client connection, connectString=localhost:2181 sessionTimeout=18000 watcher=kafka.zookeeper.ZooKeeperClient$ZooKeeperClientWatcher$@674bd420 (org.apache.zookeeper.ZooKeeper)
[2022-09-13 11:32:56,030] INFO jute.maxbuffer value is 4194304 Bytes (org.apache.zookeeper.ClientCnxnSocket)
[2022-09-13 11:32:56,040] INFO zookeeper.request.timeout value is 0. feature enabled=false (org.apache.zookeeper.ClientCnxn)
[2022-09-13 11:32:56,045] INFO [ZooKeeperClient Kafka server] Waiting until connected. (kafka.zookeeper.ZooKeeperClient)
[2022-09-13 11:32:56,048] INFO Opening socket connection to server localhost/127.0.0.1:2181. (org.apache.zookeeper.ClientCnxn)
[2022-09-13 11:32:56,053] INFO Socket connection established, initiating session, client: /127.0.0.1:60817, server: localhost/127.0.0.1:2181 (org.apache.zookeeper.ClientCnxn)
[2022-09-13 11:32:56,071] INFO Creating new log file: log.2b (org.apache.zookeeper.server.persistence.FileTxnLog)
[2022-09-13 11:32:56,092] INFO Session establishment complete on server localhost/127.0.0.1:2181, session id = 0x10003fac6b70000, negotiated timeout = 18000 (org.apache.zookeeper.ClientCnxn)
[2022-09-13 11:32:56,099] INFO [ZooKeeperClient Kafka server] Connected. (kafka.zookeeper.ZooKeeperClient)
[2022-09-13 11:32:56,269] INFO [feature-zk-node-event-process-thread]: Starting (kafka.server.FinalizedFeatureChangeListener$ChangeNotificationProcessorThread)
[2022-09-13 11:32:56,295] INFO Feature ZK node at path: /feature does not exist (kafka.server.FinalizedFeatureChangeListener)
[2022-09-13 11:32:56,297] INFO Cleared cache (kafka.server.FinalizedFeatureCache)
[2022-09-13 11:32:56,532] INFO Cluster ID = paNCBygjTRauE9k9YgJDwA (kafka.server.KafkaServer)
[2022-09-13 11:32:56,683] INFO KafkaConfig values: 
	advertised.listeners = null
	alter.config.policy.class.name = null
	alter.log.dirs.replication.quota.window.num = 11
	alter.log.dirs.replication.quota.window.size.seconds = 1
	authorizer.class.name = 
	auto.create.topics.enable = true
	auto.leader.rebalance.enable = true
	background.threads = 10
	broker.heartbeat.interval.ms = 2000
	broker.id = 0
	broker.id.generation.enable = true
	broker.rack = null
	broker.session.timeout.ms = 9000
	client.quota.callback.class = null
	compression.type = producer
	connection.failed.authentication.delay.ms = 100
	connections.max.idle.ms = 600000
	connections.max.reauth.ms = 0
	control.plane.listener.name = null
	controlled.shutdown.enable = true
	controlled.shutdown.max.retries = 3
	controlled.shutdown.retry.backoff.ms = 5000
	controller.listener.names = null
	controller.quorum.append.linger.ms = 25
	controller.quorum.election.backoff.max.ms = 1000
	controller.quorum.election.timeout.ms = 1000
	controller.quorum.fetch.timeout.ms = 2000
	controller.quorum.request.timeout.ms = 2000
	controller.quorum.retry.backoff.ms = 20
	controller.quorum.voters = []
	controller.quota.window.num = 11
	controller.quota.window.size.seconds = 1
	controller.socket.timeout.ms = 30000
	create.topic.policy.class.name = null
	default.replication.factor = 1
	delegation.token.expiry.check.interval.ms = 3600000
	delegation.token.expiry.time.ms = 86400000
	delegation.token.master.key = null
	delegation.token.max.lifetime.ms = 604800000
	delegation.token.secret.key = null
	delete.records.purgatory.purge.interval.requests = 1
	delete.topic.enable = true
	fetch.max.bytes = 57671680
	fetch.purgatory.purge.interval.requests = 1000
	group.initial.rebalance.delay.ms = 0
	group.max.session.timeout.ms = 1800000
	group.max.size = 2147483647
	group.min.session.timeout.ms = 6000
	initial.broker.registration.timeout.ms = 60000
	inter.broker.listener.name = null
	inter.broker.protocol.version = 3.2-IV0
	kafka.metrics.polling.interval.secs = 10
	kafka.metrics.reporters = []
	leader.imbalance.check.interval.seconds = 300
	leader.imbalance.per.broker.percentage = 10
	listener.security.protocol.map = PLAINTEXT:PLAINTEXT,SSL:SSL,SASL_PLAINTEXT:SASL_PLAINTEXT,SASL_SSL:SASL_SSL
	listeners = PLAINTEXT://:9092
	log.cleaner.backoff.ms = 15000
	log.cleaner.dedupe.buffer.size = 134217728
	log.cleaner.delete.retention.ms = 86400000
	log.cleaner.enable = true
	log.cleaner.io.buffer.load.factor = 0.9
	log.cleaner.io.buffer.size = 524288
	log.cleaner.io.max.bytes.per.second = 1.7976931348623157E308
	log.cleaner.max.compaction.lag.ms = 9223372036854775807
	log.cleaner.min.cleanable.ratio = 0.5
	log.cleaner.min.compaction.lag.ms = 0
	log.cleaner.threads = 1
	log.cleanup.policy = [delete]
	log.dir = /tmp/kafka-logs
	log.dirs = /tmp/kafka-logs
	log.flush.interval.messages = 9223372036854775807
	log.flush.interval.ms = null
	log.flush.offset.checkpoint.interval.ms = 60000
	log.flush.scheduler.interval.ms = 9223372036854775807
	log.flush.start.offset.checkpoint.interval.ms = 60000
	log.index.interval.bytes = 4096
	log.index.size.max.bytes = 10485760
	log.message.downconversion.enable = true
	log.message.format.version = 3.0-IV1
	log.message.timestamp.difference.max.ms = 9223372036854775807
	log.message.timestamp.type = CreateTime
	log.preallocate = false
	log.retention.bytes = -1
	log.retention.check.interval.ms = 300000
	log.retention.hours = 168
	log.retention.minutes = null
	log.retention.ms = null
	log.roll.hours = 168
	log.roll.jitter.hours = 0
	log.roll.jitter.ms = null
	log.roll.ms = null
	log.segment.bytes = 1073741824
	log.segment.delete.delay.ms = 60000
	max.connection.creation.rate = 2147483647
	max.connections = 2147483647
	max.connections.per.ip = 2147483647
	max.connections.per.ip.overrides = 
	max.incremental.fetch.session.cache.slots = 1000
	message.max.bytes = 1048588
	metadata.log.dir = null
	metadata.log.max.record.bytes.between.snapshots = 20971520
	metadata.log.segment.bytes = 1073741824
	metadata.log.segment.min.bytes = 8388608
	metadata.log.segment.ms = 604800000
	metadata.max.retention.bytes = -1
	metadata.max.retention.ms = 604800000
	metric.reporters = []
	metrics.num.samples = 2
	metrics.recording.level = INFO
	metrics.sample.window.ms = 30000
	min.insync.replicas = 1
	node.id = 0
	num.io.threads = 8
	num.network.threads = 3
	num.partitions = 1
	num.recovery.threads.per.data.dir = 1
	num.replica.alter.log.dirs.threads = null
	num.replica.fetchers = 1
	offset.metadata.max.bytes = 4096
	offsets.commit.required.acks = -1
	offsets.commit.timeout.ms = 5000
	offsets.load.buffer.size = 5242880
	offsets.retention.check.interval.ms = 600000
	offsets.retention.minutes = 10080
	offsets.topic.compression.codec = 0
	offsets.topic.num.partitions = 50
	offsets.topic.replication.factor = 1
	offsets.topic.segment.bytes = 104857600
	password.encoder.cipher.algorithm = AES/CBC/PKCS5Padding
	password.encoder.iterations = 4096
	password.encoder.key.length = 128
	password.encoder.keyfactory.algorithm = null
	password.encoder.old.secret = null
	password.encoder.secret = null
	principal.builder.class = class org.apache.kafka.common.security.authenticator.DefaultKafkaPrincipalBuilder
	process.roles = []
	producer.purgatory.purge.interval.requests = 1000
	queued.max.request.bytes = -1
	queued.max.requests = 500
	quota.window.num = 11
	quota.window.size.seconds = 1
	remote.log.index.file.cache.total.size.bytes = 1073741824
	remote.log.manager.task.interval.ms = 30000
	remote.log.manager.task.retry.backoff.max.ms = 30000
	remote.log.manager.task.retry.backoff.ms = 500
	remote.log.manager.task.retry.jitter = 0.2
	remote.log.manager.thread.pool.size = 10
	remote.log.metadata.manager.class.name = null
	remote.log.metadata.manager.class.path = null
	remote.log.metadata.manager.impl.prefix = null
	remote.log.metadata.manager.listener.name = null
	remote.log.reader.max.pending.tasks = 100
	remote.log.reader.threads = 10
	remote.log.storage.manager.class.name = null
	remote.log.storage.manager.class.path = null
	remote.log.storage.manager.impl.prefix = null
	remote.log.storage.system.enable = false
	replica.fetch.backoff.ms = 1000
	replica.fetch.max.bytes = 1048576
	replica.fetch.min.bytes = 1
	replica.fetch.response.max.bytes = 10485760
	replica.fetch.wait.max.ms = 500
	replica.high.watermark.checkpoint.interval.ms = 5000
	replica.lag.time.max.ms = 30000
	replica.selector.class = null
	replica.socket.receive.buffer.bytes = 65536
	replica.socket.timeout.ms = 30000
	replication.quota.window.num = 11
	replication.quota.window.size.seconds = 1
	request.timeout.ms = 30000
	reserved.broker.max.id = 1000
	sasl.client.callback.handler.class = null
	sasl.enabled.mechanisms = [GSSAPI]
	sasl.jaas.config = null
	sasl.kerberos.kinit.cmd = /usr/bin/kinit
	sasl.kerberos.min.time.before.relogin = 60000
	sasl.kerberos.principal.to.local.rules = [DEFAULT]
	sasl.kerberos.service.name = null
	sasl.kerberos.ticket.renew.jitter = 0.05
	sasl.kerberos.ticket.renew.window.factor = 0.8
	sasl.login.callback.handler.class = null
	sasl.login.class = null
	sasl.login.connect.timeout.ms = null
	sasl.login.read.timeout.ms = null
	sasl.login.refresh.buffer.seconds = 300
	sasl.login.refresh.min.period.seconds = 60
	sasl.login.refresh.window.factor = 0.8
	sasl.login.refresh.window.jitter = 0.05
	sasl.login.retry.backoff.max.ms = 10000
	sasl.login.retry.backoff.ms = 100
	sasl.mechanism.controller.protocol = GSSAPI
	sasl.mechanism.inter.broker.protocol = GSSAPI
	sasl.oauthbearer.clock.skew.seconds = 30
	sasl.oauthbearer.expected.audience = null
	sasl.oauthbearer.expected.issuer = null
	sasl.oauthbearer.jwks.endpoint.refresh.ms = 3600000
	sasl.oauthbearer.jwks.endpoint.retry.backoff.max.ms = 10000
	sasl.oauthbearer.jwks.endpoint.retry.backoff.ms = 100
	sasl.oauthbearer.jwks.endpoint.url = null
	sasl.oauthbearer.scope.claim.name = scope
	sasl.oauthbearer.sub.claim.name = sub
	sasl.oauthbearer.token.endpoint.url = null
	sasl.server.callback.handler.class = null
	security.inter.broker.protocol = PLAINTEXT
	security.providers = null
	socket.connection.setup.timeout.max.ms = 30000
	socket.connection.setup.timeout.ms = 10000
	socket.listen.backlog.size = 50
	socket.receive.buffer.bytes = 102400
	socket.request.max.bytes = 104857600
	socket.send.buffer.bytes = 102400
	ssl.cipher.suites = []
	ssl.client.auth = none
	ssl.enabled.protocols = [TLSv1.2, TLSv1.3]
	ssl.endpoint.identification.algorithm = https
	ssl.engine.factory.class = null
	ssl.key.password = null
	ssl.keymanager.algorithm = SunX509
	ssl.keystore.certificate.chain = null
	ssl.keystore.key = null
	ssl.keystore.location = null
	ssl.keystore.password = null
	ssl.keystore.type = JKS
	ssl.principal.mapping.rules = DEFAULT
	ssl.protocol = TLSv1.3
	ssl.provider = null
	ssl.secure.random.implementation = null
	ssl.trustmanager.algorithm = PKIX
	ssl.truststore.certificates = null
	ssl.truststore.location = null
	ssl.truststore.password = null
	ssl.truststore.type = JKS
	transaction.abort.timed.out.transaction.cleanup.interval.ms = 10000
	transaction.max.timeout.ms = 900000
	transaction.remove.expired.transaction.cleanup.interval.ms = 3600000
	transaction.state.log.load.buffer.size = 5242880
	transaction.state.log.min.isr = 1
	transaction.state.log.num.partitions = 50
	transaction.state.log.replication.factor = 1
	transaction.state.log.segment.bytes = 104857600
	transactional.id.expiration.ms = 604800000
	unclean.leader.election.enable = false
	zookeeper.clientCnxnSocket = null
	zookeeper.connect = localhost:2181
	zookeeper.connection.timeout.ms = 18000
	zookeeper.max.in.flight.requests = 10
	zookeeper.session.timeout.ms = 18000
	zookeeper.set.acl = false
	zookeeper.ssl.cipher.suites = null
	zookeeper.ssl.client.enable = false
	zookeeper.ssl.crl.enable = false
	zookeeper.ssl.enabled.protocols = null
	zookeeper.ssl.endpoint.identification.algorithm = HTTPS
	zookeeper.ssl.keystore.location = null
	zookeeper.ssl.keystore.password = null
	zookeeper.ssl.keystore.type = null
	zookeeper.ssl.ocsp.enable = false
	zookeeper.ssl.protocol = TLSv1.2
	zookeeper.ssl.truststore.location = null
	zookeeper.ssl.truststore.password = null
	zookeeper.ssl.truststore.type = null
 (kafka.server.KafkaConfig)
[2022-09-13 11:32:56,757] INFO [ThrottledChannelReaper-Fetch]: Starting (kafka.server.ClientQuotaManager$ThrottledChannelReaper)
[2022-09-13 11:32:56,759] INFO [ThrottledChannelReaper-Produce]: Starting (kafka.server.ClientQuotaManager$ThrottledChannelReaper)
[2022-09-13 11:32:56,761] INFO [ThrottledChannelReaper-Request]: Starting (kafka.server.ClientQuotaManager$ThrottledChannelReaper)
[2022-09-13 11:32:56,764] INFO [ThrottledChannelReaper-ControllerMutation]: Starting (kafka.server.ClientQuotaManager$ThrottledChannelReaper)
[2022-09-13 11:32:56,831] INFO Loading logs from log dirs ArrayBuffer(D:\tmp\kafka-logs) (kafka.log.LogManager)
[2022-09-13 11:32:56,835] INFO Skipping recovery for all logs in D:\tmp\kafka-logs since clean shutdown file was found (kafka.log.LogManager)
[2022-09-13 11:32:56,858] INFO Loaded 0 logs in 26ms. (kafka.log.LogManager)
[2022-09-13 11:32:56,859] INFO Starting log cleanup with a period of 300000 ms. (kafka.log.LogManager)
[2022-09-13 11:32:56,865] INFO Starting log flusher with a default period of 9223372036854775807 ms. (kafka.log.LogManager)
[2022-09-13 11:32:57,828] INFO [BrokerToControllerChannelManager broker=0 name=forwarding]: Starting (kafka.server.BrokerToControllerRequestThread)
[2022-09-13 11:32:58,100] INFO Updated connection-accept-rate max connection creation rate to 2147483647 (kafka.network.ConnectionQuotas)
[2022-09-13 11:32:58,105] INFO Awaiting socket connections on 0.0.0.0:9092. (kafka.network.DataPlaneAcceptor)
[2022-09-13 11:32:58,144] INFO [SocketServer listenerType=ZK_BROKER, nodeId=0] Created data-plane acceptor and processors for endpoint : ListenerName(PLAINTEXT) (kafka.network.SocketServer)
[2022-09-13 11:32:58,159] INFO [BrokerToControllerChannelManager broker=0 name=alterPartition]: Starting (kafka.server.BrokerToControllerRequestThread)
[2022-09-13 11:32:58,192] INFO [ExpirationReaper-0-Produce]: Starting (kafka.server.DelayedOperationPurgatory$ExpiredOperationReaper)
[2022-09-13 11:32:58,195] INFO [ExpirationReaper-0-Fetch]: Starting (kafka.server.DelayedOperationPurgatory$ExpiredOperationReaper)
[2022-09-13 11:32:58,196] INFO [ExpirationReaper-0-DeleteRecords]: Starting (kafka.server.DelayedOperationPurgatory$ExpiredOperationReaper)
[2022-09-13 11:32:58,198] INFO [ExpirationReaper-0-ElectLeader]: Starting (kafka.server.DelayedOperationPurgatory$ExpiredOperationReaper)
[2022-09-13 11:32:58,220] INFO [LogDirFailureHandler]: Starting (kafka.server.ReplicaManager$LogDirFailureHandler)
[2022-09-13 11:32:58,286] INFO Creating /brokers/ids/0 (is it secure? false) (kafka.zk.KafkaZkClient)
[2022-09-13 11:32:58,326] INFO Stat of the created znode at /brokers/ids/0 is: 58,58,1663048978309,1663048978309,1,0,0,72061969648517120,226,0,58
 (kafka.zk.KafkaZkClient)
[2022-09-13 11:32:58,328] INFO Registered broker 0 at path /brokers/ids/0 with addresses: PLAINTEXT://ctsjava1341.iiht.tech:9092, czxid (broker epoch): 58 (kafka.zk.KafkaZkClient)
[2022-09-13 11:32:58,435] INFO [ExpirationReaper-0-topic]: Starting (kafka.server.DelayedOperationPurgatory$ExpiredOperationReaper)
[2022-09-13 11:32:58,443] INFO [ExpirationReaper-0-Heartbeat]: Starting (kafka.server.DelayedOperationPurgatory$ExpiredOperationReaper)
[2022-09-13 11:32:58,445] INFO [ExpirationReaper-0-Rebalance]: Starting (kafka.server.DelayedOperationPurgatory$ExpiredOperationReaper)
[2022-09-13 11:32:58,456] INFO Successfully created /controller_epoch with initial epoch 0 (kafka.zk.KafkaZkClient)
[2022-09-13 11:32:58,472] INFO [GroupCoordinator 0]: Starting up. (kafka.coordinator.group.GroupCoordinator)
[2022-09-13 11:32:58,482] INFO [GroupCoordinator 0]: Startup complete. (kafka.coordinator.group.GroupCoordinator)
[2022-09-13 11:32:58,484] INFO Feature ZK node created at path: /feature (kafka.server.FinalizedFeatureChangeListener)
[2022-09-13 11:32:58,505] INFO Updated cache from existing <empty> to latest FinalizedFeaturesAndEpoch(features=Features{}, epoch=0). (kafka.server.FinalizedFeatureCache)
[2022-09-13 11:32:58,515] INFO [TransactionCoordinator id=0] Starting up. (kafka.coordinator.transaction.TransactionCoordinator)
[2022-09-13 11:32:58,521] INFO [TransactionCoordinator id=0] Startup complete. (kafka.coordinator.transaction.TransactionCoordinator)
[2022-09-13 11:32:58,524] INFO [Transaction Marker Channel Manager 0]: Starting (kafka.coordinator.transaction.TransactionMarkerChannelManager)
[2022-09-13 11:32:58,578] INFO [ExpirationReaper-0-AlterAcls]: Starting (kafka.server.DelayedOperationPurgatory$ExpiredOperationReaper)
[2022-09-13 11:32:58,617] INFO [/config/changes-event-process-thread]: Starting (kafka.common.ZkNodeChangeNotificationListener$ChangeEventProcessThread)
[2022-09-13 11:32:58,634] INFO [SocketServer listenerType=ZK_BROKER, nodeId=0] Starting socket server acceptors and processors (kafka.network.SocketServer)
[2022-09-13 11:32:58,643] INFO [SocketServer listenerType=ZK_BROKER, nodeId=0] Started data-plane acceptor and processor(s) for endpoint : ListenerName(PLAINTEXT) (kafka.network.SocketServer)
[2022-09-13 11:32:58,645] INFO [SocketServer listenerType=ZK_BROKER, nodeId=0] Started socket server acceptors and processors (kafka.network.SocketServer)
[2022-09-13 11:32:58,660] INFO Kafka version: 3.2.1 (org.apache.kafka.common.utils.AppInfoParser)
[2022-09-13 11:32:58,661] INFO Kafka commitId: b172a0a94f4ebb9f (org.apache.kafka.common.utils.AppInfoParser)
[2022-09-13 11:32:58,662] INFO Kafka startTimeMs: 1663048978645 (org.apache.kafka.common.utils.AppInfoParser)
[2022-09-13 11:32:58,664] INFO [KafkaServer id=0] started (kafka.server.KafkaServer)
[2022-09-13 11:32:58,728] INFO [BrokerToControllerChannelManager broker=0 name=forwarding]: Recorded new controller, from now on will use broker ctsjava1341.iiht.tech:9092 (id: 0 rack: null) (kafka.server.BrokerToControllerRequestThread)
[2022-09-13 11:32:58,823] INFO [BrokerToControllerChannelManager broker=0 name=alterPartition]: Recorded new controller, from now on will use broker ctsjava1341.iiht.tech:9092 (id: 0 rack: null) (kafka.server.BrokerToControllerRequestThread)
